2024-05-01 16:00:08 [scrapy] DEBUG: Crawled (200) <GET https://www.zuckerjagdwurst.com/de/rezepte/veganes-picknick-sandwich-xxl-muffuletta> (referer: None)
2024-05-01 16:00:08 [scrapy] DEBUG: Scraped from <200 https://www.zuckerjagdwurst.com/de/rezepte/veganes-picknick-sandwich-xxl-muffuletta>
{'title': 'Veganes Picknicksandwich XXL à la Muffuletta', 'ingredients': [{'amount': '1', 'name': 'Ciabatta (oder ein anderes längliches Brot eurer Wahl)'}, {'amount': '125 g', 'name': 'veganes Pesto'}, {'amount': '0.25', 'name': 'Gurke'}, {'amount': '2', 'name': 'händevoll Rucola'}, {'amount': '0.5', 'name': 'Avocado'}, {'amount': '10 g', 'name': 'frischer Basilikum'}, {'amount': '1', 'name': 'Möhre'}, {'amount': '150 g', 'name': 'gegrillte Paprika aus dem Glas'}, {'amount': '4', 'name': 'vegane Käsescheiben'}, {'amount': '6', 'name': 'vegane Wurstscheiben'}, {'amount': '50 g', 'name': 'frisches Rotkraut'}, {'amount': '', 'name': 'Salz'}, {'amount': '', 'name': 'Pfeffer'}, {'amount': '2', 'name': 'rote Zwiebeln'}, {'amount': '150 ml', 'name': 'Apfelessig'}, {'amount': '150 ml', 'name': 'Wasser'}, {'amount': '1 TL', 'name': 'Zucker'}, {'amount': '0.5 TL', 'name': 'Chiliflocken'}, {'amount': '', 'name': 'Salz'}, {'amount': '100 g', 'name': 'Oliven'}, {'amount': '1', 'name': 'Knoblauchzehe'}, {'amount': '1 TL', 'name': 'Kapern'}, {'amount': '', 'name': '1-3 eingelegte Peperoni (nach Geschmack)'}, {'amount': '2 EL', 'name': 'Olivenöl'}, {'amount': '', 'name': 'Salz'}, {'amount': '', 'name': 'Pfeffer'}, {'amount': '', 'name': 'Zitronensaft'}, {'amount': '1', 'name': 'Ciabatta (oder ein anderes längliches Brot eurer Wahl)'}, {'amount': '125 g', 'name': 'veganes Pesto'}, {'amount': '0.25', 'name': 'Gurke'}, {'amount': '2', 'name': 'händevoll Rucola'}, {'amount': '0.5', 'name': 'Avocado'}, {'amount': '10 g', 'name': 'frischer Basilikum'}, {'amount': '1', 'name': 'Möhre'}, {'amount': '150 g', 'name': 'gegrillte Paprika aus dem Glas'}, {'amount': '4', 'name': 'vegane Käsescheiben'}, {'amount': '6', 'name': 'vegane Wurstscheiben'}, {'amount': '50 g', 'name': 'frisches Rotkraut'}, {'amount': '', 'name': 'Salz'}, {'amount': '', 'name': 'Pfeffer'}, {'amount': '2', 'name': 'rote Zwiebeln'}, {'amount': '150 ml', 'name': 'Apfelessig'}, {'amount': '150 ml', 'name': 'Wasser'}, {'amount': '1 TL', 'name': 'Zucker'}, {'amount': '0.5 TL', 'name': 'Chiliflocken'}, {'amount': '', 'name': 'Salz'}, {'amount': '100 g', 'name': 'Oliven'}, {'amount': '1', 'name': 'Knoblauchzehe'}, {'amount': '1 TL', 'name': 'Kapern'}, {'amount': '', 'name': '1-3 eingelegte Peperoni (nach Geschmack)'}, {'amount': '2 EL', 'name': 'Olivenöl'}, {'amount': '', 'name': 'Salz'}, {'amount': '', 'name': 'Pfeffer'}, {'amount': '', 'name': 'Zitronensaft'}, {'amount': '1', 'name': 'Ciabatta (oder ein anderes längliches Brot eurer Wahl)'}, {'amount': '125 g', 'name': 'veganes Pesto'}, {'amount': '0.25', 'name': 'Gurke'}, {'amount': '2', 'name': 'händevoll Rucola'}, {'amount': '0.5', 'name': 'Avocado'}, {'amount': '10 g', 'name': 'frischer Basilikum'}, {'amount': '1', 'name': 'Möhre'}, {'amount': '150 g', 'name': 'gegrillte Paprika aus dem Glas'}, {'amount': '4', 'name': 'vegane Käsescheiben'}, {'amount': '6', 'name': 'vegane Wurstscheiben'}, {'amount': '50 g', 'name': 'frisches Rotkraut'}, {'amount': '', 'name': 'Salz'}, {'amount': '', 'name': 'Pfeffer'}, {'amount': '2', 'name': 'rote Zwiebeln'}, {'amount': '150 ml', 'name': 'Apfelessig'}, {'amount': '150 ml', 'name': 'Wasser'}, {'amount': '1 TL', 'name': 'Zucker'}, {'amount': '0.5 TL', 'name': 'Chiliflocken'}, {'amount': '', 'name': 'Salz'}, {'amount': '100 g', 'name': 'Oliven'}, {'amount': '1', 'name': 'Knoblauchzehe'}, {'amount': '1 TL', 'name': 'Kapern'}, {'amount': '', 'name': '1-3 eingelegte Peperoni (nach Geschmack)'}, {'amount': '2 EL', 'name': 'Olivenöl'}, {'amount': '', 'name': 'Salz'}, {'amount': '', 'name': 'Pfeffer'}, {'amount': '', 'name': 'Zitronensaft'}], 'instructions': 'Zunächst die Zwiebeln einlegen. Dafür die Zwiebel schälen, halbieren und in dünne Scheiben schneiden. Die Zwiebelscheiben in ein sauberes, verschließbares und hitzebeständiges Glasgefäß geben. In einem Topf Apfelessig, Wasser, Zucker, Chiliflocken und Salz erhitzen, bis sich Zucker und Salz aufgelöst haben. Die Mischung noch warm über die Zwiebelscheiben gießen. Die Zwiebeln so abkühlen lassen und entweder direkt verwenden oder verschlossen in den Kühlschrank stellen.<br><br>Für den Olivensalat Oliven falls nötig entkernen und anschließend zusammen mit Kapern und eingelegter Peperoni hacken, bis alles fein stückig ist. Knoblauch schälen, fein hacken und dazugeben. Olivenöl und etwas frischen Zitronensaft dazugeben, vermengen und den Olivensalat mit Salz und Pfeffer abschmecken.<br><br>Für die Toppings Rucola waschen und trocken schütteln. Gurke und Avocado in Scheiben schneiden, Möhre grob reiben und das Rotkraut in Streifen schneiden.<br><br>Das Ciabatta horizontal halbieren, aber den Schnitt so setzen, dass die untere Seite drei Viertel des Brots ausmacht und der Brotdeckel nur ein Viertel der Höhe. Die untere Ciabattahälfte vorsichtig aushöhlen, dabei aber zum Rand und nach unten jeweils ca. 1-2 Fingerbreit Abstand lassen.<br><br>Zuerst das vegane Pesto auf beide Seiten des Ciabattas schmieren. Danach die ausgehöhlte Ciabattaseite nehmen und alle Toppings darin stapeln. Bei uns waren das von unten nach oben: Rucola, Gurke, Avocado, Basilikum, eingelegte Paprika, Möhre, veganer Käse, vegane Wurst, Rotkraut, eingelegte Zwiebeln und Olivensalat. Die obere Ciabattahälfte drauflegen.<br><br>Das Sandwich nun umwickeln – wir haben dafür einfach die Tüte genommen, in der wir das Brot gekauft haben, aber ihr könnt es auch in Folie umwickeln. Optional mit etwas beschweren (z. B. einer schweren Pfanne) und mind. 30 Minuten lang so ziehen lassen – ihr könnt das ganze aber auch über Nacht im Kühlschrank machen.<br><br>Das Sandwich zum Servieren in Stücke schneiden.'}
2024-05-01 16:00:08 [scrapy] INFO: Closing spider (finished)
2024-05-01 16:00:08 [scrapy] INFO: Dumping Scrapy stats:
{'downloader/request_bytes': 275,
 'downloader/request_count': 1,
 'downloader/request_method_count/GET': 1,
 'downloader/response_bytes': 48907,
 'downloader/response_count': 1,
 'downloader/response_status_count/200': 1,
 'elapsed_time_seconds': 0.22311,
 'finish_reason': 'finished',
 'finish_time': datetime.datetime(2024, 5, 1, 14, 0, 8, 468978, tzinfo=datetime.timezone.utc),
 'httpcompression/response_bytes': 281652,
 'httpcompression/response_count': 1,
 'item_scraped_count': 1,
 'log_count/DEBUG': 2,
 'log_count/INFO': 7,
 'memusage/max': 74096640,
 'memusage/startup': 74096640,
 'response_received_count': 1,
 'scheduler/dequeued': 1,
 'scheduler/dequeued/memory': 1,
 'scheduler/enqueued': 1,
 'scheduler/enqueued/memory': 1,
 'start_time': datetime.datetime(2024, 5, 1, 14, 0, 8, 245868, tzinfo=datetime.timezone.utc)}
2024-05-01 16:00:08 [scrapy] INFO: Spider closed (finished)
