2024-04-29 12:39:28 [scrapy] DEBUG: Crawled (200) <GET https://www.chefkoch.de/rezepte/2529831396465550/Pfannkuchen-Crepe-und-Pancake.html> (referer: None)
2024-04-29 12:39:28 [scrapy] DEBUG: Scraped from <200 https://www.chefkoch.de/rezepte/2529831396465550/Pfannkuchen-Crepe-und-Pancake.html>
{'title': 'Pfannkuchen, Crêpe und Pancake', 'ingredients': [{'amount': '4', 'name': 'Ei(er)'}, {'amount': '2 EL', 'name': 'Zucker'}, {'amount': '400 ml', 'name': 'Milch'}, {'amount': '1 Prise(n)', 'name': 'Salz'}, {'amount': '200 g', 'name': 'Mehl'}, {'amount': '1 Msp.', 'name': 'Backpulver'}, {'amount': '', 'name': 'Öl zum Backen'}, {'amount': '1', 'name': 'Ei(er)'}, {'amount': '100 g', 'name': 'Mehl'}, {'amount': '1 EL', 'name': 'Zucker'}, {'amount': '1 Prise(n)', 'name': 'Salz'}, {'amount': '200 ml', 'name': 'Milch'}, {'amount': '', 'name': 'Öl zum Backen'}, {'amount': '2', 'name': 'Ei(er)'}, {'amount': '2 EL', 'name': 'Zucker'}, {'amount': '1 Prise(n)', 'name': 'Salz'}, {'amount': '200 ml', 'name': 'Milch'}, {'amount': '200 g', 'name': 'Mehl'}, {'amount': '1 TL', 'name': 'Backpulver'}, {'amount': '', 'name': 'Öl zum Backen'}], 'instructions': '<br>    Pfannkuchen: <br>Die Eier mit dem Zucker cremig aufschlagen, dann mit der Milch verrühren. Nun Salz, Mehl und Backpulver dazugeben und alles zu einem glatten Teig rühren. Danach ist es von Vorteil, den Teig etwas ruhen zu lassen, da das Mehl noch ausquillt. Dann 1 - 2 große Schöpfkellen Teig in eine auf mittlere Hitze erhitzte, beschichtete Pfanne geben. Nach ca. 2 Minuten bilden sich kleine Bläschen, dann den Pfannkuchen einmal wenden und von der anderen Seite schön goldbraun ausbacken.  <br> <br>Crêpes: <br>Ei mit dem Zucker und der Milch verquirlen. Dann Salz und Mehl dazugeben und zu einem glatten Teig verrühren. Den Teig etwas quellen lassen. Ebenfalls eine beschichtete Pfanne mit Öl auspinseln, auf mittlerer Stufe erhitzen und nur soviel Teig in die Pfanne geben, bis der Boden gerade bedeckt ist. Nach einer halben Minute den Crêpe vorsichtig wenden. Nach einer weiteren halben Minute ist der Crêpe fertig. <br> <br>Pancakes: <br>Eier mit dem Zucker cremig aufschlagen, dann die Milch dazugeben und unterrühren. Jetzt Salz, Mehl und Backpulver einrühren, bis ein glatter Teig entsteht. Wer besonders luftige Pancakes möchte, trennt die Eier und hebt das steif geschlagene Eiweiß ganz zum Schluss unter den Teig. Den fertigen Teig nun noch etwas ziehen lassen. In die erhitzte, gefettete Pfanne mit einer Schöpfkelle einen Klecks Teig geben und bei mittlerer Hitze ausbacken. Sobald sich kleine Bläschen bilden, den Pancake wenden. Wenn auch die zweite Seite goldbraun gebacken ist, ist der Pancake fertig. Da die Pancakes kleiner sind, kann man auch mehrere gleichzeitig in der Pfanne zubereiten. <br>.<br> <br>     <br>                 <br>             <br>             <br>    '}
2024-04-29 12:39:28 [scrapy] INFO: Closing spider (finished)
2024-04-29 12:39:28 [scrapy] INFO: Dumping Scrapy stats:
{'downloader/request_bytes': 275,
 'downloader/request_count': 1,
 'downloader/request_method_count/GET': 1,
 'downloader/response_bytes': 86443,
 'downloader/response_count': 1,
 'downloader/response_status_count/200': 1,
 'elapsed_time_seconds': 0.279082,
 'finish_reason': 'finished',
 'finish_time': datetime.datetime(2024, 4, 29, 10, 39, 28, 712609, tzinfo=datetime.timezone.utc),
 'httpcompression/response_bytes': 559152,
 'httpcompression/response_count': 1,
 'item_scraped_count': 1,
 'log_count/DEBUG': 2,
 'log_count/INFO': 7,
 'memusage/max': 70729728,
 'memusage/startup': 70729728,
 'response_received_count': 1,
 'scheduler/dequeued': 1,
 'scheduler/dequeued/memory': 1,
 'scheduler/enqueued': 1,
 'scheduler/enqueued/memory': 1,
 'start_time': datetime.datetime(2024, 4, 29, 10, 39, 28, 433527, tzinfo=datetime.timezone.utc)}
2024-04-29 12:39:28 [scrapy] INFO: Spider closed (finished)
