2024-05-01 09:22:22 [scrapy] DEBUG: Crawled (200) <GET https://www.chefkoch.de/rezepte/2892251441536454/Gemischter-Salat-mit-Feta-Kaese.html> (referer: None)
2024-05-01 09:22:22 [scrapy] DEBUG: Scraped from <200 https://www.chefkoch.de/rezepte/2892251441536454/Gemischter-Salat-mit-Feta-Kaese.html>
{'title': 'Gemischter Salat mit Feta-Käse', 'ingredients': [{'amount': '200 g', 'name': 'Feta-Käse aus Schaf- oder Ziegenmilch'}, {'amount': '½', 'name': 'Schlangengurke(n)'}, {'amount': '1 Dose', 'name': 'Mais'}, {'amount': '1 Dose', 'name': 'Kidneybohnen'}, {'amount': '2', 'name': 'Tomate(n)'}, {'amount': '3', 'name': 'Paprikaschote(n), in drei Farben'}, {'amount': '20', 'name': 'Oliven, schwarze'}, {'amount': '1 Prise(n)', 'name': 'Kräuter der Provence'}, {'amount': '1 Prise(n)', 'name': 'Oregano'}, {'amount': '1 Prise(n)', 'name': 'Salz und Pfeffer'}, {'amount': '3 EL', 'name': 'Olivenöl'}, {'amount': '½', 'name': 'Zitrone(n), Saft davon'}, {'amount': '2 EL', 'name': 'Essig, weißer'}], 'instructions': '<br>    Fetakäse in Würfel schneiden und in eine große Schüssel geben. Die Kidneybohnen und den Mais in einen Sieb geben und gut waschen und abtropfen lassen. Die Tomaten, die halbe Gurke und die 3 Paprikaschoten waschen, putzen, in feine Würfel schneiden und in die Schüssel geben. Den Mais und die Bohnen dazugeben sowie die 20 entkernten und geschnittenen schwarzen Oliven.  <br> <br>Die übrigen Zutaten zu einem Dressing verrühren. Über den Salat gießen und gut, aber vorsichtig, vermischen, damit man den Käse nicht beschädigt. Ziehen lassen, probieren, die Würze korrigieren und mit Brot und Butter servieren.<br> <br>     <br>             <br>                 <br>             <br>             <br>             <br>             <br>             <br>             <br>             <br>             <br>    '}
2024-05-01 09:22:22 [scrapy] INFO: Closing spider (finished)
2024-05-01 09:22:22 [scrapy] INFO: Dumping Scrapy stats:
{'downloader/request_bytes': 277,
 'downloader/request_count': 1,
 'downloader/request_method_count/GET': 1,
 'downloader/response_bytes': 84044,
 'downloader/response_count': 1,
 'downloader/response_status_count/200': 1,
 'elapsed_time_seconds': 0.331587,
 'finish_reason': 'finished',
 'finish_time': datetime.datetime(2024, 5, 1, 7, 22, 22, 614834, tzinfo=datetime.timezone.utc),
 'httpcompression/response_bytes': 559370,
 'httpcompression/response_count': 1,
 'item_scraped_count': 1,
 'log_count/DEBUG': 2,
 'log_count/INFO': 7,
 'log_count/WARNING': 1,
 'memusage/max': 57319424,
 'memusage/startup': 57319424,
 'response_received_count': 1,
 'scheduler/dequeued': 1,
 'scheduler/dequeued/memory': 1,
 'scheduler/enqueued': 1,
 'scheduler/enqueued/memory': 1,
 'start_time': datetime.datetime(2024, 5, 1, 7, 22, 22, 283247, tzinfo=datetime.timezone.utc)}
2024-05-01 09:22:22 [scrapy] INFO: Spider closed (finished)
